<?xml version="1.0" encoding="UTF-8" ?>
<testsuites disabled="0" errors="0" failures="0" tests="5" time="21.842">
 <testsuite name="demo calculator tests" timestamp="2019-12-16T11:35:04" hostname="localhost" time="21.842" errors="0" tests="5" skipped="0" disabled="0" failures="0">
  <testcase classname="demo calculator tests" name="addition test" time="6.327" />
  <testcase classname="demo calculator tests" name="subtraction test" time="4.017" />
  <testcase classname="demo calculator tests" name="multiplication test" time="4.355" />
  <testcase classname="demo calculator tests" name="division test" time="3.622" />
  <testcase classname="demo calculator tests" name="modulo test" time="3.511" />
 </testsuite>
</testsuites>