<?xml version="1.0" encoding="UTF-8" ?>
<testsuites disabled="0" errors="0" failures="1" tests="5" time="16.833">
 <testsuite name="demo calculator tests" timestamp="2019-11-27T12:03:27" hostname="localhost" time="16.833" errors="0" tests="5" skipped="0" disabled="0" failures="1">
  <testcase classname="demo calculator tests" name="addition test" time="4.007" />
  <testcase classname="demo calculator tests" name="subtraction test" time="2.917">
   <failure type="toEqual" message="Expected &apos;2&apos; to equal &apos;3&apos;."><![CDATA[Error: Failed expectation
    at UserContext.<anonymous> (C:\Users\saide\ProtractorTutorial\ProtractorDemo\tests\calculator.js:39:34)
    at C:\Users\saide\AppData\Roaming\npm\node_modules\protractor\node_modules\jasminewd2\index.js:112:25
    at new ManagedPromise (C:\Users\saide\AppData\Roaming\npm\node_modules\protractor\node_modules\selenium-webdriver\lib\promise.js:1077:7)
    at ControlFlow.promise (C:\Users\saide\AppData\Roaming\npm\node_modules\protractor\node_modules\selenium-webdriver\lib\promise.js:2505:12)
    at schedulerExecute (C:\Users\saide\AppData\Roaming\npm\node_modules\protractor\node_modules\jasminewd2\index.js:95:18)
    at TaskQueue.execute_ (C:\Users\saide\AppData\Roaming\npm\node_modules\protractor\node_modules\selenium-webdriver\lib\promise.js:3084:14)
    at TaskQueue.executeNext_ (C:\Users\saide\AppData\Roaming\npm\node_modules\protractor\node_modules\selenium-webdriver\lib\promise.js:3067:27)
    at C:\Users\saide\AppData\Roaming\npm\node_modules\protractor\node_modules\selenium-webdriver\lib\promise.js:2927:27
    at C:\Users\saide\AppData\Roaming\npm\node_modules\protractor\node_modules\selenium-webdriver\lib\promise.js:668:7]]>
   </failure>
  </testcase>
  <testcase classname="demo calculator tests" name="multiplication test" time="3.315" />
  <testcase classname="demo calculator tests" name="division test" time="3.559" />
  <testcase classname="demo calculator tests" name="modulo test" time="3.016" />
 </testsuite>
</testsuites>